2023-02-28 15:09:22.193  INFO 11548 --- [restartedMain] com.ydh.blogapi.BlogapiApplication       : Starting BlogapiApplication on Dehais-MacBook-Pro.local with PID 11548 (/Users/DehaiYu/Blog/blogapi/target/classes started by DehaiYu in /Users/DehaiYu/Blog/blogapi)
2023-02-28 15:09:22.202 DEBUG 11548 --- [restartedMain] com.ydh.blogapi.BlogapiApplication       : Running with Spring Boot v2.2.7.RELEASE, Spring v5.2.6.RELEASE
2023-02-28 15:09:22.202  INFO 11548 --- [restartedMain] com.ydh.blogapi.BlogapiApplication       : The following profiles are active: dev
2023-02-28 15:09:22.297  INFO 11548 --- [restartedMain] .e.DevToolsPropertyDefaultsPostProcessor : Devtools property defaults active! Set 'spring.devtools.add-properties' to 'false' to disable
2023-02-28 15:09:22.298  INFO 11548 --- [restartedMain] .e.DevToolsPropertyDefaultsPostProcessor : For additional web related logging consider setting the 'logging.level.web' property to 'DEBUG'
2023-02-28 15:09:23.428  INFO 11548 --- [restartedMain] .s.d.r.c.RepositoryConfigurationDelegate : Bootstrapping Spring Data JPA repositories in DEFAULT mode.
2023-02-28 15:09:23.469  INFO 11548 --- [restartedMain] .s.d.r.c.RepositoryConfigurationDelegate : Finished Spring Data repository scanning in 22ms. Found 0 JPA repository interfaces.
2023-02-28 15:09:25.241  INFO 11548 --- [restartedMain] o.s.b.w.embedded.tomcat.TomcatWebServer  : Tomcat initialized with port(s): 8080 (http)
2023-02-28 15:09:25.262  INFO 11548 --- [restartedMain] o.apache.catalina.core.StandardService   : Starting service [Tomcat]
2023-02-28 15:09:25.263  INFO 11548 --- [restartedMain] org.apache.catalina.core.StandardEngine  : Starting Servlet engine: [Apache Tomcat/9.0.34]
2023-02-28 15:09:25.578  INFO 11548 --- [restartedMain] o.a.c.c.C.[Tomcat].[localhost].[/]       : Initializing Spring embedded WebApplicationContext
2023-02-28 15:09:25.579  INFO 11548 --- [restartedMain] o.s.web.context.ContextLoader            : Root WebApplicationContext: initialization completed in 3280 ms
2023-02-28 15:09:25.971  INFO 11548 --- [restartedMain] o.hibernate.jpa.internal.util.LogHelper  : HHH000204: Processing PersistenceUnitInfo [name: default]
2023-02-28 15:09:26.074  INFO 11548 --- [restartedMain] org.hibernate.Version                    : HHH000412: Hibernate ORM core version 5.4.15.Final
2023-02-28 15:09:26.445  INFO 11548 --- [restartedMain] o.hibernate.annotations.common.Version   : HCANN000001: Hibernate Commons Annotations {5.1.0.Final}
2023-02-28 15:09:26.669  INFO 11548 --- [restartedMain] com.zaxxer.hikari.HikariDataSource       : HikariPool-1 - Starting...
2023-02-28 15:09:26.890  INFO 11548 --- [restartedMain] com.zaxxer.hikari.HikariDataSource       : HikariPool-1 - Start completed.
2023-02-28 15:09:26.921  INFO 11548 --- [restartedMain] org.hibernate.dialect.Dialect            : HHH000400: Using dialect: org.hibernate.dialect.MySQL5Dialect
2023-02-28 15:09:27.384  INFO 11548 --- [restartedMain] o.h.e.t.j.p.i.JtaPlatformInitiator       : HHH000490: Using JtaPlatform implementation: [org.hibernate.engine.transaction.jta.platform.internal.NoJtaPlatform]
2023-02-28 15:09:27.395  INFO 11548 --- [restartedMain] j.LocalContainerEntityManagerFactoryBean : Initialized JPA EntityManagerFactory for persistence unit 'default'
2023-02-28 15:09:27.431  INFO 11548 --- [restartedMain] o.s.b.d.a.OptionalLiveReloadServer       : LiveReload server is running on port 35729
2023-02-28 15:09:27.598  WARN 11548 --- [restartedMain] JpaBaseConfiguration$JpaWebConfiguration : spring.jpa.open-in-view is enabled by default. Therefore, database queries may be performed during view rendering. Explicitly configure spring.jpa.open-in-view to disable this warning
2023-02-28 15:09:28.117  INFO 11548 --- [restartedMain] o.s.s.concurrent.ThreadPoolTaskExecutor  : Initializing ExecutorService 'applicationTaskExecutor'
2023-02-28 15:09:28.313  INFO 11548 --- [restartedMain] o.s.b.a.w.s.WelcomePageHandlerMapping    : Adding welcome page template: index
2023-02-28 15:09:28.949  INFO 11548 --- [restartedMain] o.s.b.w.embedded.tomcat.TomcatWebServer  : Tomcat started on port(s): 8080 (http) with context path ''
2023-02-28 15:09:28.953  INFO 11548 --- [restartedMain] com.ydh.blogapi.BlogapiApplication       : Started BlogapiApplication in 7.416 seconds (JVM running for 8.558)
2023-02-28 15:09:39.586  INFO 11548 --- [http-nio-8080-exec-1] o.a.c.c.C.[Tomcat].[localhost].[/]       : Initializing Spring DispatcherServlet 'dispatcherServlet'
2023-02-28 15:09:39.586  INFO 11548 --- [http-nio-8080-exec-1] o.s.web.servlet.DispatcherServlet        : Initializing Servlet 'dispatcherServlet'
2023-02-28 15:09:39.603  INFO 11548 --- [http-nio-8080-exec-1] o.s.web.servlet.DispatcherServlet        : Completed initialization in 17 ms
2023-02-28 15:09:39.729  INFO 11548 --- [http-nio-8080-exec-1] com.ydh.blogapi.aspect.LogAspect         : --------doBefore--------
2023-02-28 15:09:39.731  INFO 11548 --- [http-nio-8080-exec-1] com.ydh.blogapi.aspect.LogAspect         : Request : {url='http://localhost:8080/', ip='0:0:0:0:0:0:0:1', classMethod='com.ydh.blogapi.web.IndexController.index', args=[]}
2023-02-28 15:09:39.739  WARN 11548 --- [http-nio-8080-exec-1] com.ydh.blogapi.aspect.LogAspect         : --------doAfter--------
2023-02-28 15:09:39.739  INFO 11548 --- [http-nio-8080-exec-1] com.ydh.blogapi.aspect.LogAspect         : Result : index
2023-02-28 15:13:34.032  INFO 11548 --- [SpringContextShutdownHook] o.s.s.concurrent.ThreadPoolTaskExecutor  : Shutting down ExecutorService 'applicationTaskExecutor'
2023-02-28 15:13:34.033  INFO 11548 --- [SpringContextShutdownHook] j.LocalContainerEntityManagerFactoryBean : Closing JPA EntityManagerFactory for persistence unit 'default'
2023-02-28 15:13:34.038  INFO 11548 --- [SpringContextShutdownHook] com.zaxxer.hikari.HikariDataSource       : HikariPool-1 - Shutdown initiated...
2023-02-28 15:13:34.046  INFO 11548 --- [SpringContextShutdownHook] com.zaxxer.hikari.HikariDataSource       : HikariPool-1 - Shutdown completed.
2023-02-28 15:13:39.771  INFO 11788 --- [restartedMain] com.ydh.blogapi.BlogapiApplication       : Starting BlogapiApplication on Dehais-MacBook-Pro.local with PID 11788 (/Users/DehaiYu/Blog/blogapi/target/classes started by DehaiYu in /Users/DehaiYu/Blog/blogapi)
2023-02-28 15:13:39.773 DEBUG 11788 --- [restartedMain] com.ydh.blogapi.BlogapiApplication       : Running with Spring Boot v2.2.7.RELEASE, Spring v5.2.6.RELEASE
2023-02-28 15:13:39.774  INFO 11788 --- [restartedMain] com.ydh.blogapi.BlogapiApplication       : The following profiles are active: dev
2023-02-28 15:13:39.831  INFO 11788 --- [restartedMain] .e.DevToolsPropertyDefaultsPostProcessor : Devtools property defaults active! Set 'spring.devtools.add-properties' to 'false' to disable
2023-02-28 15:13:39.832  INFO 11788 --- [restartedMain] .e.DevToolsPropertyDefaultsPostProcessor : For additional web related logging consider setting the 'logging.level.web' property to 'DEBUG'
2023-02-28 15:13:40.639  INFO 11788 --- [restartedMain] .s.d.r.c.RepositoryConfigurationDelegate : Bootstrapping Spring Data JPA repositories in DEFAULT mode.
2023-02-28 15:13:40.665  INFO 11788 --- [restartedMain] .s.d.r.c.RepositoryConfigurationDelegate : Finished Spring Data repository scanning in 15ms. Found 0 JPA repository interfaces.
2023-02-28 15:13:41.887  INFO 11788 --- [restartedMain] o.s.b.w.embedded.tomcat.TomcatWebServer  : Tomcat initialized with port(s): 8080 (http)
2023-02-28 15:13:41.904  INFO 11788 --- [restartedMain] o.apache.catalina.core.StandardService   : Starting service [Tomcat]
2023-02-28 15:13:41.904  INFO 11788 --- [restartedMain] org.apache.catalina.core.StandardEngine  : Starting Servlet engine: [Apache Tomcat/9.0.34]
2023-02-28 15:13:42.062  INFO 11788 --- [restartedMain] o.a.c.c.C.[Tomcat].[localhost].[/]       : Initializing Spring embedded WebApplicationContext
2023-02-28 15:13:42.062  INFO 11788 --- [restartedMain] o.s.web.context.ContextLoader            : Root WebApplicationContext: initialization completed in 2230 ms
2023-02-28 15:13:42.415  INFO 11788 --- [restartedMain] o.hibernate.jpa.internal.util.LogHelper  : HHH000204: Processing PersistenceUnitInfo [name: default]
2023-02-28 15:13:42.469  INFO 11788 --- [restartedMain] org.hibernate.Version                    : HHH000412: Hibernate ORM core version 5.4.15.Final
2023-02-28 15:13:42.672  INFO 11788 --- [restartedMain] o.hibernate.annotations.common.Version   : HCANN000001: Hibernate Commons Annotations {5.1.0.Final}
2023-02-28 15:13:42.812  INFO 11788 --- [restartedMain] com.zaxxer.hikari.HikariDataSource       : HikariPool-1 - Starting...
2023-02-28 15:13:42.878  INFO 11788 --- [restartedMain] com.zaxxer.hikari.HikariDataSource       : HikariPool-1 - Start completed.
2023-02-28 15:13:42.902  INFO 11788 --- [restartedMain] org.hibernate.dialect.Dialect            : HHH000400: Using dialect: org.hibernate.dialect.MySQL5Dialect
2023-02-28 15:13:43.247  INFO 11788 --- [restartedMain] o.h.e.t.j.p.i.JtaPlatformInitiator       : HHH000490: Using JtaPlatform implementation: [org.hibernate.engine.transaction.jta.platform.internal.NoJtaPlatform]
2023-02-28 15:13:43.261  INFO 11788 --- [restartedMain] j.LocalContainerEntityManagerFactoryBean : Initialized JPA EntityManagerFactory for persistence unit 'default'
2023-02-28 15:13:43.313  INFO 11788 --- [restartedMain] o.s.b.d.a.OptionalLiveReloadServer       : LiveReload server is running on port 35729
2023-02-28 15:13:43.486  WARN 11788 --- [restartedMain] JpaBaseConfiguration$JpaWebConfiguration : spring.jpa.open-in-view is enabled by default. Therefore, database queries may be performed during view rendering. Explicitly configure spring.jpa.open-in-view to disable this warning
2023-02-28 15:13:43.997  INFO 11788 --- [restartedMain] o.s.s.concurrent.ThreadPoolTaskExecutor  : Initializing ExecutorService 'applicationTaskExecutor'
2023-02-28 15:13:44.282  INFO 11788 --- [restartedMain] o.s.b.a.w.s.WelcomePageHandlerMapping    : Adding welcome page template: index
2023-02-28 15:13:44.905  INFO 11788 --- [restartedMain] o.s.b.w.embedded.tomcat.TomcatWebServer  : Tomcat started on port(s): 8080 (http) with context path ''
2023-02-28 15:13:44.909  INFO 11788 --- [restartedMain] com.ydh.blogapi.BlogapiApplication       : Started BlogapiApplication in 5.689 seconds (JVM running for 6.261)
2023-02-28 15:13:52.098  INFO 11788 --- [http-nio-8080-exec-1] o.a.c.c.C.[Tomcat].[localhost].[/]       : Initializing Spring DispatcherServlet 'dispatcherServlet'
2023-02-28 15:13:52.098  INFO 11788 --- [http-nio-8080-exec-1] o.s.web.servlet.DispatcherServlet        : Initializing Servlet 'dispatcherServlet'
2023-02-28 15:13:52.113  INFO 11788 --- [http-nio-8080-exec-1] o.s.web.servlet.DispatcherServlet        : Completed initialization in 15 ms
2023-02-28 15:13:52.222  INFO 11788 --- [http-nio-8080-exec-1] com.ydh.blogapi.aspect.LogAspect         : --------doBefore--------
2023-02-28 15:13:52.224  INFO 11788 --- [http-nio-8080-exec-1] com.ydh.blogapi.aspect.LogAspect         : Request : {url='http://localhost:8080/', ip='0:0:0:0:0:0:0:1', classMethod='com.ydh.blogapi.web.IndexController.index', args=[]}
2023-02-28 15:13:52.232  WARN 11788 --- [http-nio-8080-exec-1] com.ydh.blogapi.aspect.LogAspect         : --------doAfter--------
2023-02-28 15:13:52.232  INFO 11788 --- [http-nio-8080-exec-1] com.ydh.blogapi.aspect.LogAspect         : Result : index
2023-02-28 15:53:27.863  INFO 11788 --- [SpringContextShutdownHook] o.s.s.concurrent.ThreadPoolTaskExecutor  : Shutting down ExecutorService 'applicationTaskExecutor'
2023-02-28 15:53:27.865  INFO 11788 --- [SpringContextShutdownHook] j.LocalContainerEntityManagerFactoryBean : Closing JPA EntityManagerFactory for persistence unit 'default'
2023-02-28 15:53:27.871  INFO 11788 --- [SpringContextShutdownHook] com.zaxxer.hikari.HikariDataSource       : HikariPool-1 - Shutdown initiated...
2023-02-28 15:53:27.879  INFO 11788 --- [SpringContextShutdownHook] com.zaxxer.hikari.HikariDataSource       : HikariPool-1 - Shutdown completed.
2023-02-28 15:53:33.585  INFO 12508 --- [restartedMain] com.ydh.blogapi.BlogapiApplication       : Starting BlogapiApplication on Dehais-MacBook-Pro.local with PID 12508 (/Users/DehaiYu/Blog/blogapi/target/classes started by DehaiYu in /Users/DehaiYu/Blog/blogapi)
2023-02-28 15:53:33.588 DEBUG 12508 --- [restartedMain] com.ydh.blogapi.BlogapiApplication       : Running with Spring Boot v2.2.7.RELEASE, Spring v5.2.6.RELEASE
2023-02-28 15:53:33.588  INFO 12508 --- [restartedMain] com.ydh.blogapi.BlogapiApplication       : The following profiles are active: dev
2023-02-28 15:53:33.640  INFO 12508 --- [restartedMain] .e.DevToolsPropertyDefaultsPostProcessor : Devtools property defaults active! Set 'spring.devtools.add-properties' to 'false' to disable
2023-02-28 15:53:33.640  INFO 12508 --- [restartedMain] .e.DevToolsPropertyDefaultsPostProcessor : For additional web related logging consider setting the 'logging.level.web' property to 'DEBUG'
2023-02-28 15:53:34.466  INFO 12508 --- [restartedMain] .s.d.r.c.RepositoryConfigurationDelegate : Bootstrapping Spring Data JPA repositories in DEFAULT mode.
2023-02-28 15:53:34.500  INFO 12508 --- [restartedMain] .s.d.r.c.RepositoryConfigurationDelegate : Finished Spring Data repository scanning in 18ms. Found 0 JPA repository interfaces.
2023-02-28 15:53:35.724  INFO 12508 --- [restartedMain] o.s.b.w.embedded.tomcat.TomcatWebServer  : Tomcat initialized with port(s): 8080 (http)
2023-02-28 15:53:35.740  INFO 12508 --- [restartedMain] o.apache.catalina.core.StandardService   : Starting service [Tomcat]
2023-02-28 15:53:35.740  INFO 12508 --- [restartedMain] org.apache.catalina.core.StandardEngine  : Starting Servlet engine: [Apache Tomcat/9.0.34]
2023-02-28 15:53:35.886  INFO 12508 --- [restartedMain] o.a.c.c.C.[Tomcat].[localhost].[/]       : Initializing Spring embedded WebApplicationContext
2023-02-28 15:53:35.886  INFO 12508 --- [restartedMain] o.s.web.context.ContextLoader            : Root WebApplicationContext: initialization completed in 2246 ms
2023-02-28 15:53:36.271  INFO 12508 --- [restartedMain] o.hibernate.jpa.internal.util.LogHelper  : HHH000204: Processing PersistenceUnitInfo [name: default]
2023-02-28 15:53:36.346  INFO 12508 --- [restartedMain] org.hibernate.Version                    : HHH000412: Hibernate ORM core version 5.4.15.Final
2023-02-28 15:53:36.521  INFO 12508 --- [restartedMain] o.hibernate.annotations.common.Version   : HCANN000001: Hibernate Commons Annotations {5.1.0.Final}
2023-02-28 15:53:36.658  INFO 12508 --- [restartedMain] com.zaxxer.hikari.HikariDataSource       : HikariPool-1 - Starting...
2023-02-28 15:53:36.798  INFO 12508 --- [restartedMain] com.zaxxer.hikari.HikariDataSource       : HikariPool-1 - Start completed.
2023-02-28 15:53:36.825  INFO 12508 --- [restartedMain] org.hibernate.dialect.Dialect            : HHH000400: Using dialect: org.hibernate.dialect.MySQL5Dialect
2023-02-28 15:53:37.237  INFO 12508 --- [restartedMain] o.h.e.t.j.p.i.JtaPlatformInitiator       : HHH000490: Using JtaPlatform implementation: [org.hibernate.engine.transaction.jta.platform.internal.NoJtaPlatform]
2023-02-28 15:53:37.245  INFO 12508 --- [restartedMain] j.LocalContainerEntityManagerFactoryBean : Initialized JPA EntityManagerFactory for persistence unit 'default'
2023-02-28 15:53:37.274  INFO 12508 --- [restartedMain] o.s.b.d.a.OptionalLiveReloadServer       : LiveReload server is running on port 35729
2023-02-28 15:53:37.490  WARN 12508 --- [restartedMain] JpaBaseConfiguration$JpaWebConfiguration : spring.jpa.open-in-view is enabled by default. Therefore, database queries may be performed during view rendering. Explicitly configure spring.jpa.open-in-view to disable this warning
2023-02-28 15:53:37.968  INFO 12508 --- [restartedMain] o.s.s.concurrent.ThreadPoolTaskExecutor  : Initializing ExecutorService 'applicationTaskExecutor'
2023-02-28 15:53:38.166  INFO 12508 --- [restartedMain] o.s.b.a.w.s.WelcomePageHandlerMapping    : Adding welcome page template: index
2023-02-28 15:53:38.891  INFO 12508 --- [restartedMain] o.s.b.w.embedded.tomcat.TomcatWebServer  : Tomcat started on port(s): 8080 (http) with context path ''
2023-02-28 15:53:38.896  INFO 12508 --- [restartedMain] com.ydh.blogapi.BlogapiApplication       : Started BlogapiApplication in 5.799 seconds (JVM running for 6.411)
2023-02-28 15:53:43.409  INFO 12508 --- [http-nio-8080-exec-1] o.a.c.c.C.[Tomcat].[localhost].[/]       : Initializing Spring DispatcherServlet 'dispatcherServlet'
2023-02-28 15:53:43.410  INFO 12508 --- [http-nio-8080-exec-1] o.s.web.servlet.DispatcherServlet        : Initializing Servlet 'dispatcherServlet'
2023-02-28 15:53:43.424  INFO 12508 --- [http-nio-8080-exec-1] o.s.web.servlet.DispatcherServlet        : Completed initialization in 14 ms
2023-02-28 15:53:43.528  INFO 12508 --- [http-nio-8080-exec-1] com.ydh.blogapi.aspect.LogAspect         : --------doBefore--------
2023-02-28 15:53:43.531  INFO 12508 --- [http-nio-8080-exec-1] com.ydh.blogapi.aspect.LogAspect         : Request : {url='http://localhost:8080/', ip='0:0:0:0:0:0:0:1', classMethod='com.ydh.blogapi.web.IndexController.index', args=[]}
2023-02-28 15:53:43.538  WARN 12508 --- [http-nio-8080-exec-1] com.ydh.blogapi.aspect.LogAspect         : --------doAfter--------
2023-02-28 15:53:43.538  INFO 12508 --- [http-nio-8080-exec-1] com.ydh.blogapi.aspect.LogAspect         : Result : index
2023-02-28 16:02:48.343  INFO 12508 --- [http-nio-8080-exec-6] com.ydh.blogapi.aspect.LogAspect         : --------doBefore--------
2023-02-28 16:02:48.345  INFO 12508 --- [http-nio-8080-exec-6] com.ydh.blogapi.aspect.LogAspect         : Request : {url='http://localhost:8080/', ip='0:0:0:0:0:0:0:1', classMethod='com.ydh.blogapi.web.IndexController.index', args=[]}
2023-02-28 16:02:48.345  WARN 12508 --- [http-nio-8080-exec-6] com.ydh.blogapi.aspect.LogAspect         : --------doAfter--------
2023-02-28 16:02:48.345  INFO 12508 --- [http-nio-8080-exec-6] com.ydh.blogapi.aspect.LogAspect         : Result : index
2023-02-28 16:44:37.021  WARN 12508 --- [HikariPool-1 housekeeper] com.zaxxer.hikari.pool.HikariPool        : HikariPool-1 - Retrograde clock change detected (housekeeper delta=29s869ms), soft-evicting connections from pool.
